2017/10/09 00:00:00 [I] [crawler_sina.go:315] 执行Sina数据保存服务
2017/10/09 00:00:00 [W] [crawler_sina.go:89] 无数据%!(EXTRA string=redigo: nil returned)
2017/10/09 00:00:10 [I] [crawler_sina.go:315] 执行Sina数据保存服务
2017/10/09 00:00:10 [W] [crawler_sina.go:89] 无数据%!(EXTRA string=redigo: nil returned)
2017/10/09 00:00:20 [I] [crawler_sina.go:315] 执行Sina数据保存服务
2017/10/09 00:00:20 [W] [crawler_sina.go:89] 无数据%!(EXTRA string=redigo: nil returned)
2017/10/09 00:00:30 [I] [crawler_sina.go:315] 执行Sina数据保存服务
2017/10/09 00:00:30 [W] [crawler_sina.go:89] 无数据%!(EXTRA string=redigo: nil returned)
2017/10/09 00:00:40 [I] [crawler_sina.go:315] 执行Sina数据保存服务
2017/10/09 00:00:40 [W] [crawler_sina.go:89] 无数据%!(EXTRA string=redigo: nil returned)
2017/10/09 00:00:50 [I] [crawler_sina.go:315] 执行Sina数据保存服务
2017/10/09 00:00:50 [W] [crawler_sina.go:89] 无数据%!(EXTRA string=redigo: nil returned)
2017/10/09 00:00:53 [I] [crawler_sina.go:79] 添加数据到Redis结果1
2017/10/09 00:01:00 [I] [crawler_sina.go:315] 执行Sina数据保存服务
2017/10/09 00:01:10 [I] [crawler_sina.go:315] 执行Sina数据保存服务
2017/10/09 00:01:10 [W] [crawler_sina.go:89] 无数据%!(EXTRA string=redigo: nil returned)
2017/10/09 00:01:20 [I] [crawler_sina.go:315] 执行Sina数据保存服务
2017/10/09 00:01:20 [W] [crawler_sina.go:89] 无数据%!(EXTRA string=redigo: nil returned)
2017/10/09 00:01:30 [I] [crawler_sina.go:315] 执行Sina数据保存服务
2017/10/09 00:01:30 [W] [crawler_sina.go:89] 无数据%!(EXTRA string=redigo: nil returned)
2017/10/09 00:01:40 [I] [crawler_sina.go:315] 执行Sina数据保存服务
2017/10/09 00:01:40 [W] [crawler_sina.go:89] 无数据%!(EXTRA string=redigo: nil returned)
2017/10/09 00:01:50 [I] [crawler_sina.go:315] 执行Sina数据保存服务
2017/10/09 00:01:50 [W] [crawler_sina.go:89] 无数据%!(EXTRA string=redigo: nil returned)
2017/10/09 00:02:00 [I] [crawler_sina.go:315] 执行Sina数据保存服务
2017/10/09 00:02:00 [W] [crawler_sina.go:89] 无数据%!(EXTRA string=redigo: nil returned)
2017/10/09 00:02:10 [I] [crawler_sina.go:315] 执行Sina数据保存服务
2017/10/09 00:02:10 [W] [crawler_sina.go:89] 无数据%!(EXTRA string=redigo: nil returned)
2017/10/09 00:02:20 [I] [crawler_sina.go:315] 执行Sina数据保存服务
2017/10/09 00:02:20 [W] [crawler_sina.go:89] 无数据%!(EXTRA string=redigo: nil returned)
2017/10/09 00:02:30 [I] [crawler_sina.go:315] 执行Sina数据保存服务
2017/10/09 00:02:30 [W] [crawler_sina.go:89] 无数据%!(EXTRA string=redigo: nil returned)
2017/10/09 00:02:40 [I] [crawler_sina.go:315] 执行Sina数据保存服务
2017/10/09 00:02:40 [W] [crawler_sina.go:89] 无数据%!(EXTRA string=redigo: nil returned)
2017/10/09 00:02:50 [I] [crawler_sina.go:315] 执行Sina数据保存服务
2017/10/09 00:02:50 [W] [crawler_sina.go:89] 无数据%!(EXTRA string=redigo: nil returned)
2017/10/09 00:03:00 [I] [crawler_sina.go:315] 执行Sina数据保存服务
2017/10/09 00:03:00 [W] [crawler_sina.go:89] 无数据%!(EXTRA string=redigo: nil returned)
2017/10/09 00:03:10 [I] [crawler_sina.go:315] 执行Sina数据保存服务
2017/10/09 00:03:10 [W] [crawler_sina.go:89] 无数据%!(EXTRA string=redigo: nil returned)
2017/10/09 00:03:10 [I] [crawler_sina.go:79] 添加数据到Redis结果1
2017/10/09 00:03:20 [I] [crawler_sina.go:315] 执行Sina数据保存服务
2017/10/09 00:03:30 [I] [crawler_sina.go:315] 执行Sina数据保存服务
2017/10/09 00:03:30 [W] [crawler_sina.go:89] 无数据%!(EXTRA string=redigo: nil returned)
2017/10/09 00:03:40 [I] [crawler_sina.go:315] 执行Sina数据保存服务
2017/10/09 00:03:40 [W] [crawler_sina.go:89] 无数据%!(EXTRA string=redigo: nil returned)
2017/10/09 00:03:50 [I] [crawler_sina.go:315] 执行Sina数据保存服务
2017/10/09 00:03:50 [W] [crawler_sina.go:89] 无数据%!(EXTRA string=redigo: nil returned)
2017/10/09 00:04:00 [I] [crawler_sina.go:315] 执行Sina数据保存服务
2017/10/09 00:04:00 [W] [crawler_sina.go:89] 无数据%!(EXTRA string=redigo: nil returned)
2017/10/09 00:04:10 [I] [crawler_sina.go:315] 执行Sina数据保存服务
2017/10/09 00:04:10 [W] [crawler_sina.go:89] 无数据%!(EXTRA string=redigo: nil returned)
2017/10/09 00:04:20 [I] [crawler_sina.go:315] 执行Sina数据保存服务
2017/10/09 00:04:20 [W] [crawler_sina.go:89] 无数据%!(EXTRA string=redigo: nil returned)
2017/10/09 00:04:30 [I] [crawler_sina.go:315] 执行Sina数据保存服务
2017/10/09 00:04:30 [W] [crawler_sina.go:89] 无数据%!(EXTRA string=redigo: nil returned)
2017/10/09 00:04:40 [I] [crawler_sina.go:315] 执行Sina数据保存服务
2017/10/09 00:04:40 [W] [crawler_sina.go:89] 无数据%!(EXTRA string=redigo: nil returned)
2017/10/09 00:04:44 [I] [crawler_sina.go:79] 添加数据到Redis结果1
2017/10/09 00:04:50 [I] [crawler_sina.go:315] 执行Sina数据保存服务
2017/10/09 00:05:00 [I] [crawler_sina.go:315] 执行Sina数据保存服务
2017/10/09 00:05:00 [W] [crawler_sina.go:89] 无数据%!(EXTRA string=redigo: nil returned)
2017/10/09 00:05:10 [I] [crawler_sina.go:315] 执行Sina数据保存服务
2017/10/09 00:05:10 [W] [crawler_sina.go:89] 无数据%!(EXTRA string=redigo: nil returned)
2017/10/09 00:05:20 [I] [crawler_sina.go:315] 执行Sina数据保存服务
2017/10/09 00:05:20 [W] [crawler_sina.go:89] 无数据%!(EXTRA string=redigo: nil returned)
2017/10/09 00:05:30 [I] [crawler_sina.go:315] 执行Sina数据保存服务
2017/10/09 00:05:30 [W] [crawler_sina.go:89] 无数据%!(EXTRA string=redigo: nil returned)
2017/10/09 00:05:40 [I] [crawler_sina.go:315] 执行Sina数据保存服务
2017/10/09 00:05:40 [W] [crawler_sina.go:89] 无数据%!(EXTRA string=redigo: nil returned)
2017/10/09 00:05:50 [I] [crawler_sina.go:315] 执行Sina数据保存服务
2017/10/09 00:05:50 [W] [crawler_sina.go:89] 无数据%!(EXTRA string=redigo: nil returned)
2017/10/09 00:06:00 [I] [crawler_sina.go:315] 执行Sina数据保存服务
2017/10/09 00:06:00 [W] [crawler_sina.go:89] 无数据%!(EXTRA string=redigo: nil returned)
2017/10/09 00:06:10 [I] [crawler_sina.go:315] 执行Sina数据保存服务
2017/10/09 00:06:10 [W] [crawler_sina.go:89] 无数据%!(EXTRA string=redigo: nil returned)
2017/10/09 00:06:20 [I] [crawler_sina.go:315] 执行Sina数据保存服务
2017/10/09 00:06:20 [W] [crawler_sina.go:89] 无数据%!(EXTRA string=redigo: nil returned)
2017/10/09 00:06:24 [I] [crawler_sina.go:79] 添加数据到Redis结果1
2017/10/09 00:06:30 [I] [crawler_sina.go:315] 执行Sina数据保存服务
2017/10/09 00:06:41 [I] [crawler_sina.go:315] 执行Sina数据保存服务
2017/10/09 00:06:41 [W] [crawler_sina.go:89] 无数据%!(EXTRA string=redigo: nil returned)
2017/10/09 00:06:51 [I] [crawler_sina.go:315] 执行Sina数据保存服务
2017/10/09 00:06:51 [W] [crawler_sina.go:89] 无数据%!(EXTRA string=redigo: nil returned)
2017/10/09 00:07:01 [I] [crawler_sina.go:315] 执行Sina数据保存服务
2017/10/09 00:07:01 [W] [crawler_sina.go:89] 无数据%!(EXTRA string=redigo: nil returned)
2017/10/09 00:07:11 [I] [crawler_sina.go:315] 执行Sina数据保存服务
2017/10/09 00:07:11 [W] [crawler_sina.go:89] 无数据%!(EXTRA string=redigo: nil returned)
2017/10/09 00:07:21 [I] [crawler_sina.go:315] 执行Sina数据保存服务
2017/10/09 00:07:21 [W] [crawler_sina.go:89] 无数据%!(EXTRA string=redigo: nil returned)
2017/10/09 00:07:31 [I] [crawler_sina.go:315] 执行Sina数据保存服务
2017/10/09 00:07:31 [W] [crawler_sina.go:89] 无数据%!(EXTRA string=redigo: nil returned)
2017/10/09 00:07:41 [I] [crawler_sina.go:315] 执行Sina数据保存服务
2017/10/09 00:07:41 [W] [crawler_sina.go:89] 无数据%!(EXTRA string=redigo: nil returned)
2017/10/09 00:07:51 [I] [crawler_sina.go:315] 执行Sina数据保存服务
2017/10/09 00:07:51 [W] [crawler_sina.go:89] 无数据%!(EXTRA string=redigo: nil returned)
2017/10/09 00:08:01 [I] [crawler_sina.go:315] 执行Sina数据保存服务
2017/10/09 00:08:01 [W] [crawler_sina.go:89] 无数据%!(EXTRA string=redigo: nil returned)
2017/10/09 00:08:11 [I] [crawler_sina.go:315] 执行Sina数据保存服务
2017/10/09 00:08:11 [W] [crawler_sina.go:89] 无数据%!(EXTRA string=redigo: nil returned)
2017/10/09 00:08:12 [I] [crawler_sina.go:79] 添加数据到Redis结果1
2017/10/09 00:08:21 [I] [crawler_sina.go:315] 执行Sina数据保存服务
2017/10/09 00:08:31 [I] [crawler_sina.go:315] 执行Sina数据保存服务
2017/10/09 00:08:31 [W] [crawler_sina.go:89] 无数据%!(EXTRA string=redigo: nil returned)
2017/10/09 00:08:41 [I] [crawler_sina.go:315] 执行Sina数据保存服务
2017/10/09 00:08:41 [W] [crawler_sina.go:89] 无数据%!(EXTRA string=redigo: nil returned)
2017/10/09 00:08:51 [I] [crawler_sina.go:315] 执行Sina数据保存服务
2017/10/09 00:08:51 [W] [crawler_sina.go:89] 无数据%!(EXTRA string=redigo: nil returned)
2017/10/09 00:09:01 [I] [crawler_sina.go:315] 执行Sina数据保存服务
2017/10/09 00:09:01 [W] [crawler_sina.go:89] 无数据%!(EXTRA string=redigo: nil returned)
2017/10/09 00:09:11 [I] [crawler_sina.go:315] 执行Sina数据保存服务
2017/10/09 00:09:11 [W] [crawler_sina.go:89] 无数据%!(EXTRA string=redigo: nil returned)
2017/10/09 00:09:21 [I] [crawler_sina.go:315] 执行Sina数据保存服务
2017/10/09 00:09:21 [W] [crawler_sina.go:89] 无数据%!(EXTRA string=redigo: nil returned)
2017/10/09 00:09:31 [I] [crawler_sina.go:315] 执行Sina数据保存服务
2017/10/09 00:09:31 [W] [crawler_sina.go:89] 无数据%!(EXTRA string=redigo: nil returned)
2017/10/09 00:09:41 [I] [crawler_sina.go:315] 执行Sina数据保存服务
2017/10/09 00:09:41 [W] [crawler_sina.go:89] 无数据%!(EXTRA string=redigo: nil returned)
2017/10/09 00:09:51 [I] [crawler_sina.go:315] 执行Sina数据保存服务
2017/10/09 00:09:51 [W] [crawler_sina.go:89] 无数据%!(EXTRA string=redigo: nil returned)
2017/10/09 00:09:59 [I] [crawler_sina.go:79] 添加数据到Redis结果1
2017/10/09 00:10:01 [I] [crawler_sina.go:315] 执行Sina数据保存服务
2017/10/09 00:10:10 [I] [crawler_sina.go:242] 获取列表href错误%!(EXTRA string=element not found)
2017/10/09 00:10:11 [I] [crawler_sina.go:315] 执行Sina数据保存服务
2017/10/09 00:10:11 [W] [crawler_sina.go:89] 无数据%!(EXTRA string=redigo: nil returned)
2017/10/09 00:10:21 [I] [crawler_sina.go:315] 执行Sina数据保存服务
2017/10/09 00:10:21 [W] [crawler_sina.go:89] 无数据%!(EXTRA string=redigo: nil returned)
2017/10/09 00:10:31 [I] [crawler_sina.go:315] 执行Sina数据保存服务
2017/10/09 00:10:31 [W] [crawler_sina.go:89] 无数据%!(EXTRA string=redigo: nil returned)
2017/10/09 00:10:41 [I] [crawler_sina.go:315] 执行Sina数据保存服务
2017/10/09 00:10:41 [W] [crawler_sina.go:89] 无数据%!(EXTRA string=redigo: nil returned)
2017/10/09 00:10:51 [I] [crawler_sina.go:315] 执行Sina数据保存服务
2017/10/09 00:10:51 [W] [crawler_sina.go:89] 无数据%!(EXTRA string=redigo: nil returned)
2017/10/09 00:11:01 [I] [crawler_sina.go:315] 执行Sina数据保存服务
2017/10/09 00:11:01 [W] [crawler_sina.go:89] 无数据%!(EXTRA string=redigo: nil returned)
2017/10/09 00:11:06 [I] [crawler_sina.go:79] 添加数据到Redis结果1
2017/10/09 00:11:11 [I] [crawler_sina.go:315] 执行Sina数据保存服务
2017/10/09 00:11:18 [I] [crawler_sina.go:79] 添加数据到Redis结果1
2017/10/09 00:11:21 [I] [crawler_sina.go:315] 执行Sina数据保存服务
2017/10/09 00:11:31 [I] [crawler_sina.go:315] 执行Sina数据保存服务
2017/10/09 00:11:31 [W] [crawler_sina.go:89] 无数据%!(EXTRA string=redigo: nil returned)
2017/10/09 00:11:41 [I] [crawler_sina.go:315] 执行Sina数据保存服务
2017/10/09 00:11:41 [W] [crawler_sina.go:89] 无数据%!(EXTRA string=redigo: nil returned)
2017/10/09 00:11:51 [I] [crawler_sina.go:315] 执行Sina数据保存服务
2017/10/09 00:11:51 [W] [crawler_sina.go:89] 无数据%!(EXTRA string=redigo: nil returned)
2017/10/09 00:12:01 [I] [crawler_sina.go:315] 执行Sina数据保存服务
2017/10/09 00:12:01 [W] [crawler_sina.go:89] 无数据%!(EXTRA string=redigo: nil returned)
2017/10/09 00:12:11 [I] [crawler_sina.go:315] 执行Sina数据保存服务
2017/10/09 00:12:11 [W] [crawler_sina.go:89] 无数据%!(EXTRA string=redigo: nil returned)
2017/10/09 00:12:21 [I] [crawler_sina.go:315] 执行Sina数据保存服务
2017/10/09 00:12:21 [W] [crawler_sina.go:89] 无数据%!(EXTRA string=redigo: nil returned)
2017/10/09 00:12:31 [I] [crawler_sina.go:315] 执行Sina数据保存服务
2017/10/09 00:12:31 [W] [crawler_sina.go:89] 无数据%!(EXTRA string=redigo: nil returned)
2017/10/09 00:12:41 [I] [crawler_sina.go:315] 执行Sina数据保存服务
2017/10/09 00:12:41 [W] [crawler_sina.go:89] 无数据%!(EXTRA string=redigo: nil returned)
2017/10/09 00:12:51 [I] [crawler_sina.go:315] 执行Sina数据保存服务
2017/10/09 00:12:51 [W] [crawler_sina.go:89] 无数据%!(EXTRA string=redigo: nil returned)
2017/10/09 00:12:56 [I] [crawler_sina.go:79] 添加数据到Redis结果1
2017/10/09 00:13:01 [I] [crawler_sina.go:315] 执行Sina数据保存服务
2017/10/09 00:13:07 [I] [crawler_sina.go:79] 添加数据到Redis结果1
2017/10/09 00:13:12 [I] [crawler_sina.go:315] 执行Sina数据保存服务
2017/10/09 00:13:22 [I] [crawler_sina.go:315] 执行Sina数据保存服务
2017/10/09 00:13:22 [W] [crawler_sina.go:89] 无数据%!(EXTRA string=redigo: nil returned)
2017/10/09 00:13:32 [I] [crawler_sina.go:315] 执行Sina数据保存服务
2017/10/09 00:13:32 [W] [crawler_sina.go:89] 无数据%!(EXTRA string=redigo: nil returned)
2017/10/09 00:13:42 [I] [crawler_sina.go:315] 执行Sina数据保存服务
2017/10/09 00:13:42 [W] [crawler_sina.go:89] 无数据%!(EXTRA string=redigo: nil returned)
2017/10/09 00:13:52 [I] [crawler_sina.go:315] 执行Sina数据保存服务
2017/10/09 00:13:52 [W] [crawler_sina.go:89] 无数据%!(EXTRA string=redigo: nil returned)
2017/10/09 00:14:02 [I] [crawler_sina.go:315] 执行Sina数据保存服务
2017/10/09 00:14:02 [W] [crawler_sina.go:89] 无数据%!(EXTRA string=redigo: nil returned)
2017/10/09 00:14:12 [I] [crawler_sina.go:315] 执行Sina数据保存服务
2017/10/09 00:14:12 [W] [crawler_sina.go:89] 无数据%!(EXTRA string=redigo: nil returned)
2017/10/09 00:14:22 [I] [crawler_sina.go:315] 执行Sina数据保存服务
2017/10/09 00:14:22 [W] [crawler_sina.go:89] 无数据%!(EXTRA string=redigo: nil returned)
2017/10/09 00:14:32 [I] [crawler_sina.go:315] 执行Sina数据保存服务
2017/10/09 00:14:32 [W] [crawler_sina.go:89] 无数据%!(EXTRA string=redigo: nil returned)
2017/10/09 00:14:42 [I] [crawler_sina.go:315] 执行Sina数据保存服务
2017/10/09 00:14:42 [W] [crawler_sina.go:89] 无数据%!(EXTRA string=redigo: nil returned)
2017/10/09 00:14:47 [I] [crawler_sina.go:79] 添加数据到Redis结果1
2017/10/09 00:14:52 [I] [crawler_sina.go:315] 执行Sina数据保存服务
2017/10/09 00:15:02 [I] [crawler_sina.go:315] 执行Sina数据保存服务
2017/10/09 00:15:02 [W] [crawler_sina.go:89] 无数据%!(EXTRA string=redigo: nil returned)
2017/10/09 00:15:12 [I] [crawler_sina.go:315] 执行Sina数据保存服务
2017/10/09 00:15:12 [W] [crawler_sina.go:89] 无数据%!(EXTRA string=redigo: nil returned)
2017/10/09 00:15:22 [I] [crawler_sina.go:315] 执行Sina数据保存服务
2017/10/09 00:15:22 [W] [crawler_sina.go:89] 无数据%!(EXTRA string=redigo: nil returned)
2017/10/09 00:15:32 [I] [crawler_sina.go:315] 执行Sina数据保存服务
2017/10/09 00:15:32 [W] [crawler_sina.go:89] 无数据%!(EXTRA string=redigo: nil returned)
2017/10/09 00:15:42 [I] [crawler_sina.go:315] 执行Sina数据保存服务
2017/10/09 00:15:42 [W] [crawler_sina.go:89] 无数据%!(EXTRA string=redigo: nil returned)
2017/10/09 00:15:45 [I] [crawler_sina.go:79] 添加数据到Redis结果1
2017/10/09 00:15:52 [I] [crawler_sina.go:315] 执行Sina数据保存服务
2017/10/09 00:16:02 [I] [crawler_sina.go:315] 执行Sina数据保存服务
2017/10/09 00:16:02 [W] [crawler_sina.go:89] 无数据%!(EXTRA string=redigo: nil returned)
2017/10/09 00:16:12 [I] [crawler_sina.go:315] 执行Sina数据保存服务
2017/10/09 00:16:12 [W] [crawler_sina.go:89] 无数据%!(EXTRA string=redigo: nil returned)
2017/10/09 00:16:22 [I] [crawler_sina.go:315] 执行Sina数据保存服务
2017/10/09 00:16:22 [W] [crawler_sina.go:89] 无数据%!(EXTRA string=redigo: nil returned)
2017/10/09 00:16:32 [I] [crawler_sina.go:315] 执行Sina数据保存服务
2017/10/09 00:16:32 [W] [crawler_sina.go:89] 无数据%!(EXTRA string=redigo: nil returned)
2017/10/09 00:16:42 [I] [crawler_sina.go:315] 执行Sina数据保存服务
2017/10/09 00:16:42 [W] [crawler_sina.go:89] 无数据%!(EXTRA string=redigo: nil returned)
2017/10/09 00:16:52 [I] [crawler_sina.go:315] 执行Sina数据保存服务
2017/10/09 00:16:52 [W] [crawler_sina.go:89] 无数据%!(EXTRA string=redigo: nil returned)
2017/10/09 00:16:59 [I] [crawler_sina.go:79] 添加数据到Redis结果1
2017/10/09 00:17:02 [I] [crawler_sina.go:315] 执行Sina数据保存服务
2017/10/09 00:17:12 [I] [crawler_sina.go:315] 执行Sina数据保存服务
2017/10/09 00:17:12 [W] [crawler_sina.go:89] 无数据%!(EXTRA string=redigo: nil returned)
2017/10/09 00:17:22 [I] [crawler_sina.go:315] 执行Sina数据保存服务
2017/10/09 00:17:22 [W] [crawler_sina.go:89] 无数据%!(EXTRA string=redigo: nil returned)
2017/10/09 00:17:32 [I] [crawler_sina.go:315] 执行Sina数据保存服务
2017/10/09 00:17:32 [W] [crawler_sina.go:89] 无数据%!(EXTRA string=redigo: nil returned)
2017/10/09 00:17:42 [I] [crawler_sina.go:315] 执行Sina数据保存服务
2017/10/09 00:17:42 [W] [crawler_sina.go:89] 无数据%!(EXTRA string=redigo: nil returned)
2017/10/09 00:17:46 [I] [crawler_sina.go:266] 获取下一页按钮样式失败%!(EXTRA string=failed to select element from selection 'CSS: .W_pages .next [single]': element not found)
2017/10/09 00:17:52 [I] [crawler_sina.go:315] 执行Sina数据保存服务
2017/10/09 00:17:52 [W] [crawler_sina.go:89] 无数据%!(EXTRA string=redigo: nil returned)
2017/10/09 00:17:59 [I] [crawler_sina.go:79] 添加数据到Redis结果1
2017/10/09 00:18:02 [I] [crawler_sina.go:315] 执行Sina数据保存服务
2017/10/09 00:18:13 [I] [crawler_sina.go:315] 执行Sina数据保存服务
2017/10/09 00:18:13 [W] [crawler_sina.go:89] 无数据%!(EXTRA string=redigo: nil returned)
2017/10/09 00:18:23 [I] [crawler_sina.go:315] 执行Sina数据保存服务
2017/10/09 00:18:23 [W] [crawler_sina.go:89] 无数据%!(EXTRA string=redigo: nil returned)
2017/10/09 00:18:33 [I] [crawler_sina.go:315] 执行Sina数据保存服务
2017/10/09 00:18:33 [W] [crawler_sina.go:89] 无数据%!(EXTRA string=redigo: nil returned)
2017/10/09 00:18:43 [I] [crawler_sina.go:315] 执行Sina数据保存服务
2017/10/09 00:18:43 [W] [crawler_sina.go:89] 无数据%!(EXTRA string=redigo: nil returned)
2017/10/09 00:18:53 [I] [crawler_sina.go:315] 执行Sina数据保存服务
2017/10/09 00:18:53 [W] [crawler_sina.go:89] 无数据%!(EXTRA string=redigo: nil returned)
2017/10/09 00:19:03 [I] [crawler_sina.go:315] 执行Sina数据保存服务
2017/10/09 00:19:03 [W] [crawler_sina.go:89] 无数据%!(EXTRA string=redigo: nil returned)
2017/10/09 00:19:13 [I] [crawler_sina.go:315] 执行Sina数据保存服务
2017/10/09 00:19:13 [W] [crawler_sina.go:89] 无数据%!(EXTRA string=redigo: nil returned)
2017/10/09 00:19:23 [I] [crawler_sina.go:315] 执行Sina数据保存服务
2017/10/09 00:19:23 [W] [crawler_sina.go:89] 无数据%!(EXTRA string=redigo: nil returned)
2017/10/09 00:19:33 [I] [crawler_sina.go:315] 执行Sina数据保存服务
2017/10/09 00:19:33 [W] [crawler_sina.go:89] 无数据%!(EXTRA string=redigo: nil returned)
2017/10/09 00:19:40 [I] [crawler_sina.go:79] 添加数据到Redis结果1
2017/10/09 00:19:43 [I] [crawler_sina.go:315] 执行Sina数据保存服务
2017/10/09 00:19:53 [I] [crawler_sina.go:315] 执行Sina数据保存服务
2017/10/09 00:19:53 [W] [crawler_sina.go:89] 无数据%!(EXTRA string=redigo: nil returned)
2017/10/09 00:20:03 [I] [crawler_sina.go:315] 执行Sina数据保存服务
2017/10/09 00:20:03 [W] [crawler_sina.go:89] 无数据%!(EXTRA string=redigo: nil returned)
2017/10/09 00:20:13 [I] [crawler_sina.go:315] 执行Sina数据保存服务
2017/10/09 00:20:13 [W] [crawler_sina.go:89] 无数据%!(EXTRA string=redigo: nil returned)
2017/10/09 00:20:23 [I] [crawler_sina.go:315] 执行Sina数据保存服务
2017/10/09 00:20:23 [W] [crawler_sina.go:89] 无数据%!(EXTRA string=redigo: nil returned)
2017/10/09 00:20:33 [I] [crawler_sina.go:315] 执行Sina数据保存服务
2017/10/09 00:20:33 [W] [crawler_sina.go:89] 无数据%!(EXTRA string=redigo: nil returned)
2017/10/09 00:20:43 [I] [crawler_sina.go:315] 执行Sina数据保存服务
2017/10/09 00:20:43 [W] [crawler_sina.go:89] 无数据%!(EXTRA string=redigo: nil returned)
2017/10/09 00:20:53 [I] [crawler_sina.go:315] 执行Sina数据保存服务
2017/10/09 00:20:53 [W] [crawler_sina.go:89] 无数据%!(EXTRA string=redigo: nil returned)
2017/10/09 00:21:03 [I] [crawler_sina.go:315] 执行Sina数据保存服务
2017/10/09 00:21:03 [W] [crawler_sina.go:89] 无数据%!(EXTRA string=redigo: nil returned)
2017/10/09 00:21:13 [I] [crawler_sina.go:315] 执行Sina数据保存服务
2017/10/09 00:21:13 [W] [crawler_sina.go:89] 无数据%!(EXTRA string=redigo: nil returned)
2017/10/09 00:21:23 [I] [crawler_sina.go:315] 执行Sina数据保存服务
2017/10/09 00:21:23 [W] [crawler_sina.go:89] 无数据%!(EXTRA string=redigo: nil returned)
2017/10/09 00:21:33 [I] [crawler_sina.go:315] 执行Sina数据保存服务
2017/10/09 00:21:33 [W] [crawler_sina.go:89] 无数据%!(EXTRA string=redigo: nil returned)
2017/10/09 00:21:43 [I] [crawler_sina.go:315] 执行Sina数据保存服务
2017/10/09 00:21:43 [W] [crawler_sina.go:89] 无数据%!(EXTRA string=redigo: nil returned)
2017/10/09 00:21:53 [I] [crawler_sina.go:315] 执行Sina数据保存服务
2017/10/09 00:21:53 [W] [crawler_sina.go:89] 无数据%!(EXTRA string=redigo: nil returned)
2017/10/09 00:22:03 [I] [crawler_sina.go:315] 执行Sina数据保存服务
2017/10/09 00:22:03 [W] [crawler_sina.go:89] 无数据%!(EXTRA string=redigo: nil returned)
2017/10/09 00:22:13 [I] [crawler_sina.go:315] 执行Sina数据保存服务
2017/10/09 00:22:13 [W] [crawler_sina.go:89] 无数据%!(EXTRA string=redigo: nil returned)
2017/10/09 00:22:23 [I] [crawler_sina.go:315] 执行Sina数据保存服务
2017/10/09 00:22:23 [W] [crawler_sina.go:89] 无数据%!(EXTRA string=redigo: nil returned)
2017/10/09 00:22:33 [I] [crawler_sina.go:315] 执行Sina数据保存服务
2017/10/09 00:22:33 [W] [crawler_sina.go:89] 无数据%!(EXTRA string=redigo: nil returned)
2017/10/09 00:22:43 [I] [crawler_sina.go:315] 执行Sina数据保存服务
2017/10/09 00:22:43 [W] [crawler_sina.go:89] 无数据%!(EXTRA string=redigo: nil returned)
2017/10/09 00:22:53 [I] [crawler_sina.go:315] 执行Sina数据保存服务
2017/10/09 00:22:53 [W] [crawler_sina.go:89] 无数据%!(EXTRA string=redigo: nil returned)
2017/10/09 00:23:03 [I] [crawler_sina.go:315] 执行Sina数据保存服务
2017/10/09 00:23:03 [W] [crawler_sina.go:89] 无数据%!(EXTRA string=redigo: nil returned)
2017/10/09 00:23:13 [I] [crawler_sina.go:315] 执行Sina数据保存服务
2017/10/09 00:23:13 [W] [crawler_sina.go:89] 无数据%!(EXTRA string=redigo: nil returned)
2017/10/09 00:23:23 [I] [crawler_sina.go:315] 执行Sina数据保存服务
2017/10/09 00:23:23 [W] [crawler_sina.go:89] 无数据%!(EXTRA string=redigo: nil returned)
2017/10/09 00:23:33 [I] [crawler_sina.go:315] 执行Sina数据保存服务
2017/10/09 00:23:33 [W] [crawler_sina.go:89] 无数据%!(EXTRA string=redigo: nil returned)
2017/10/09 00:23:43 [I] [crawler_sina.go:315] 执行Sina数据保存服务
2017/10/09 00:23:43 [W] [crawler_sina.go:89] 无数据%!(EXTRA string=redigo: nil returned)
2017/10/09 00:23:53 [I] [crawler_sina.go:315] 执行Sina数据保存服务
2017/10/09 00:23:53 [W] [crawler_sina.go:89] 无数据%!(EXTRA string=redigo: nil returned)
2017/10/09 00:24:03 [I] [crawler_sina.go:315] 执行Sina数据保存服务
2017/10/09 00:24:03 [W] [crawler_sina.go:89] 无数据%!(EXTRA string=redigo: nil returned)
2017/10/09 00:24:13 [I] [crawler_sina.go:315] 执行Sina数据保存服务
2017/10/09 00:24:13 [W] [crawler_sina.go:89] 无数据%!(EXTRA string=redigo: nil returned)
2017/10/09 00:24:23 [I] [crawler_sina.go:315] 执行Sina数据保存服务
2017/10/09 00:24:23 [W] [crawler_sina.go:89] 无数据%!(EXTRA string=redigo: nil returned)
2017/10/09 00:24:33 [I] [crawler_sina.go:315] 执行Sina数据保存服务
2017/10/09 00:24:33 [W] [crawler_sina.go:89] 无数据%!(EXTRA string=redigo: nil returned)
2017/10/09 00:24:43 [I] [crawler_sina.go:315] 执行Sina数据保存服务
2017/10/09 00:24:43 [W] [crawler_sina.go:89] 无数据%!(EXTRA string=redigo: nil returned)
2017/10/09 00:24:53 [I] [crawler_sina.go:315] 执行Sina数据保存服务
2017/10/09 00:24:53 [W] [crawler_sina.go:89] 无数据%!(EXTRA string=redigo: nil returned)
2017/10/09 00:25:03 [I] [crawler_sina.go:315] 执行Sina数据保存服务
2017/10/09 00:25:03 [W] [crawler_sina.go:89] 无数据%!(EXTRA string=redigo: nil returned)
2017/10/09 00:25:13 [I] [crawler_sina.go:315] 执行Sina数据保存服务
2017/10/09 00:25:13 [W] [crawler_sina.go:89] 无数据%!(EXTRA string=redigo: nil returned)
2017/10/09 00:25:23 [I] [crawler_sina.go:315] 执行Sina数据保存服务
2017/10/09 00:25:23 [W] [crawler_sina.go:89] 无数据%!(EXTRA string=redigo: nil returned)
2017/10/09 00:25:33 [I] [crawler_sina.go:315] 执行Sina数据保存服务
2017/10/09 00:25:33 [W] [crawler_sina.go:89] 无数据%!(EXTRA string=redigo: nil returned)
2017/10/09 00:25:43 [I] [crawler_sina.go:315] 执行Sina数据保存服务
2017/10/09 00:25:43 [W] [crawler_sina.go:89] 无数据%!(EXTRA string=redigo: nil returned)
2017/10/09 00:25:53 [I] [crawler_sina.go:315] 执行Sina数据保存服务
2017/10/09 00:25:53 [W] [crawler_sina.go:89] 无数据%!(EXTRA string=redigo: nil returned)
2017/10/09 00:26:03 [I] [crawler_sina.go:315] 执行Sina数据保存服务
2017/10/09 00:26:03 [W] [crawler_sina.go:89] 无数据%!(EXTRA string=redigo: nil returned)
2017/10/09 00:26:13 [I] [crawler_sina.go:315] 执行Sina数据保存服务
2017/10/09 00:26:13 [W] [crawler_sina.go:89] 无数据%!(EXTRA string=redigo: nil returned)
2017/10/09 00:26:23 [I] [crawler_sina.go:315] 执行Sina数据保存服务
2017/10/09 00:26:23 [W] [crawler_sina.go:89] 无数据%!(EXTRA string=redigo: nil returned)
2017/10/09 00:26:33 [I] [crawler_sina.go:315] 执行Sina数据保存服务
2017/10/09 00:26:33 [W] [crawler_sina.go:89] 无数据%!(EXTRA string=redigo: nil returned)
2017/10/09 00:26:43 [I] [crawler_sina.go:315] 执行Sina数据保存服务
2017/10/09 00:26:43 [W] [crawler_sina.go:89] 无数据%!(EXTRA string=redigo: nil returned)
2017/10/09 00:26:53 [I] [crawler_sina.go:315] 执行Sina数据保存服务
2017/10/09 00:26:53 [W] [crawler_sina.go:89] 无数据%!(EXTRA string=redigo: nil returned)
2017/10/09 00:27:03 [I] [crawler_sina.go:315] 执行Sina数据保存服务
2017/10/09 00:27:03 [W] [crawler_sina.go:89] 无数据%!(EXTRA string=redigo: nil returned)
2017/10/09 00:27:13 [I] [crawler_sina.go:315] 执行Sina数据保存服务
2017/10/09 00:27:13 [W] [crawler_sina.go:89] 无数据%!(EXTRA string=redigo: nil returned)
2017/10/09 00:27:23 [I] [crawler_sina.go:315] 执行Sina数据保存服务
2017/10/09 00:27:23 [W] [crawler_sina.go:89] 无数据%!(EXTRA string=redigo: nil returned)
2017/10/09 00:27:33 [I] [crawler_sina.go:315] 执行Sina数据保存服务
2017/10/09 00:27:33 [W] [crawler_sina.go:89] 无数据%!(EXTRA string=redigo: nil returned)
2017/10/09 00:27:43 [I] [crawler_sina.go:315] 执行Sina数据保存服务
2017/10/09 00:27:43 [W] [crawler_sina.go:89] 无数据%!(EXTRA string=redigo: nil returned)
2017/10/09 00:27:53 [I] [crawler_sina.go:315] 执行Sina数据保存服务
2017/10/09 00:27:53 [W] [crawler_sina.go:89] 无数据%!(EXTRA string=redigo: nil returned)
2017/10/09 00:28:03 [I] [crawler_sina.go:315] 执行Sina数据保存服务
2017/10/09 00:28:03 [W] [crawler_sina.go:89] 无数据%!(EXTRA string=redigo: nil returned)
2017/10/09 00:28:13 [I] [crawler_sina.go:315] 执行Sina数据保存服务
2017/10/09 00:28:13 [W] [crawler_sina.go:89] 无数据%!(EXTRA string=redigo: nil returned)
2017/10/09 00:28:23 [I] [crawler_sina.go:315] 执行Sina数据保存服务
2017/10/09 00:28:23 [W] [crawler_sina.go:89] 无数据%!(EXTRA string=redigo: nil returned)
2017/10/09 00:28:33 [I] [crawler_sina.go:315] 执行Sina数据保存服务
2017/10/09 00:28:33 [W] [crawler_sina.go:89] 无数据%!(EXTRA string=redigo: nil returned)
2017/10/09 00:28:43 [I] [crawler_sina.go:315] 执行Sina数据保存服务
2017/10/09 00:28:43 [W] [crawler_sina.go:89] 无数据%!(EXTRA string=redigo: nil returned)
2017/10/09 00:28:53 [I] [crawler_sina.go:315] 执行Sina数据保存服务
2017/10/09 00:28:53 [W] [crawler_sina.go:89] 无数据%!(EXTRA string=redigo: nil returned)
2017/10/09 00:29:03 [I] [crawler_sina.go:315] 执行Sina数据保存服务
2017/10/09 00:29:03 [W] [crawler_sina.go:89] 无数据%!(EXTRA string=redigo: nil returned)
2017/10/09 00:29:13 [I] [crawler_sina.go:315] 执行Sina数据保存服务
2017/10/09 00:29:13 [W] [crawler_sina.go:89] 无数据%!(EXTRA string=redigo: nil returned)
2017/10/09 00:29:23 [I] [crawler_sina.go:315] 执行Sina数据保存服务
2017/10/09 00:29:23 [W] [crawler_sina.go:89] 无数据%!(EXTRA string=redigo: nil returned)
2017/10/09 00:29:33 [I] [crawler_sina.go:315] 执行Sina数据保存服务
2017/10/09 00:29:33 [W] [crawler_sina.go:89] 无数据%!(EXTRA string=redigo: nil returned)
2017/10/09 00:29:43 [I] [crawler_sina.go:315] 执行Sina数据保存服务
2017/10/09 00:29:43 [W] [crawler_sina.go:89] 无数据%!(EXTRA string=redigo: nil returned)
2017/10/09 00:29:53 [I] [crawler_sina.go:315] 执行Sina数据保存服务
2017/10/09 00:29:53 [W] [crawler_sina.go:89] 无数据%!(EXTRA string=redigo: nil returned)
2017/10/09 00:30:03 [I] [crawler_sina.go:315] 执行Sina数据保存服务
2017/10/09 00:30:03 [W] [crawler_sina.go:89] 无数据%!(EXTRA string=redigo: nil returned)
2017/10/09 00:30:13 [I] [crawler_sina.go:315] 执行Sina数据保存服务
2017/10/09 00:30:13 [W] [crawler_sina.go:89] 无数据%!(EXTRA string=redigo: nil returned)
2017/10/09 00:30:23 [I] [crawler_sina.go:315] 执行Sina数据保存服务
2017/10/09 00:30:23 [W] [crawler_sina.go:89] 无数据%!(EXTRA string=redigo: nil returned)
2017/10/09 00:30:33 [I] [crawler_sina.go:315] 执行Sina数据保存服务
2017/10/09 00:30:33 [W] [crawler_sina.go:89] 无数据%!(EXTRA string=redigo: nil returned)
2017/10/09 00:30:43 [I] [crawler_sina.go:315] 执行Sina数据保存服务
2017/10/09 00:30:43 [W] [crawler_sina.go:89] 无数据%!(EXTRA string=redigo: nil returned)
2017/10/09 00:30:53 [I] [crawler_sina.go:315] 执行Sina数据保存服务
2017/10/09 00:30:53 [W] [crawler_sina.go:89] 无数据%!(EXTRA string=redigo: nil returned)
2017/10/09 00:31:03 [I] [crawler_sina.go:315] 执行Sina数据保存服务
2017/10/09 00:31:03 [W] [crawler_sina.go:89] 无数据%!(EXTRA string=redigo: nil returned)
2017/10/09 00:31:13 [I] [crawler_sina.go:315] 执行Sina数据保存服务
2017/10/09 00:31:13 [W] [crawler_sina.go:89] 无数据%!(EXTRA string=redigo: nil returned)
2017/10/09 00:31:23 [I] [crawler_sina.go:315] 执行Sina数据保存服务
2017/10/09 00:31:23 [W] [crawler_sina.go:89] 无数据%!(EXTRA string=redigo: nil returned)
2017/10/09 00:31:33 [I] [crawler_sina.go:315] 执行Sina数据保存服务
2017/10/09 00:31:33 [W] [crawler_sina.go:89] 无数据%!(EXTRA string=redigo: nil returned)
2017/10/09 00:31:43 [I] [crawler_sina.go:315] 执行Sina数据保存服务
2017/10/09 00:31:43 [W] [crawler_sina.go:89] 无数据%!(EXTRA string=redigo: nil returned)
2017/10/09 00:31:53 [I] [crawler_sina.go:315] 执行Sina数据保存服务
2017/10/09 00:31:53 [W] [crawler_sina.go:89] 无数据%!(EXTRA string=redigo: nil returned)
2017/10/09 00:32:03 [I] [crawler_sina.go:315] 执行Sina数据保存服务
2017/10/09 00:32:03 [W] [crawler_sina.go:89] 无数据%!(EXTRA string=redigo: nil returned)
2017/10/09 00:32:13 [I] [crawler_sina.go:315] 执行Sina数据保存服务
2017/10/09 00:32:13 [W] [crawler_sina.go:89] 无数据%!(EXTRA string=redigo: nil returned)
2017/10/09 00:32:23 [I] [crawler_sina.go:315] 执行Sina数据保存服务
2017/10/09 00:32:23 [W] [crawler_sina.go:89] 无数据%!(EXTRA string=redigo: nil returned)
2017/10/09 00:32:33 [I] [crawler_sina.go:315] 执行Sina数据保存服务
2017/10/09 00:32:33 [W] [crawler_sina.go:89] 无数据%!(EXTRA string=redigo: nil returned)
2017/10/09 00:32:43 [I] [crawler_sina.go:315] 执行Sina数据保存服务
2017/10/09 00:32:43 [W] [crawler_sina.go:89] 无数据%!(EXTRA string=redigo: nil returned)
2017/10/09 00:32:53 [I] [crawler_sina.go:315] 执行Sina数据保存服务
2017/10/09 00:32:53 [W] [crawler_sina.go:89] 无数据%!(EXTRA string=redigo: nil returned)
2017/10/09 00:33:03 [I] [crawler_sina.go:315] 执行Sina数据保存服务
2017/10/09 00:33:03 [W] [crawler_sina.go:89] 无数据%!(EXTRA string=redigo: nil returned)
2017/10/09 00:33:13 [I] [crawler_sina.go:315] 执行Sina数据保存服务
2017/10/09 00:33:13 [W] [crawler_sina.go:89] 无数据%!(EXTRA string=redigo: nil returned)
2017/10/09 00:33:23 [I] [crawler_sina.go:315] 执行Sina数据保存服务
2017/10/09 00:33:23 [W] [crawler_sina.go:89] 无数据%!(EXTRA string=redigo: nil returned)
2017/10/09 00:33:33 [I] [crawler_sina.go:315] 执行Sina数据保存服务
2017/10/09 00:33:33 [W] [crawler_sina.go:89] 无数据%!(EXTRA string=redigo: nil returned)
2017/10/09 00:33:43 [I] [crawler_sina.go:315] 执行Sina数据保存服务
2017/10/09 00:33:43 [W] [crawler_sina.go:89] 无数据%!(EXTRA string=redigo: nil returned)
2017/10/09 00:33:53 [I] [crawler_sina.go:315] 执行Sina数据保存服务
2017/10/09 00:33:53 [W] [crawler_sina.go:89] 无数据%!(EXTRA string=redigo: nil returned)
2017/10/09 00:34:03 [I] [crawler_sina.go:315] 执行Sina数据保存服务
2017/10/09 00:34:03 [W] [crawler_sina.go:89] 无数据%!(EXTRA string=redigo: nil returned)
2017/10/09 00:34:13 [I] [crawler_sina.go:315] 执行Sina数据保存服务
2017/10/09 00:34:13 [W] [crawler_sina.go:89] 无数据%!(EXTRA string=redigo: nil returned)
2017/10/09 00:34:23 [I] [crawler_sina.go:315] 执行Sina数据保存服务
2017/10/09 00:34:23 [W] [crawler_sina.go:89] 无数据%!(EXTRA string=redigo: nil returned)
2017/10/09 00:34:33 [I] [crawler_sina.go:315] 执行Sina数据保存服务
2017/10/09 00:34:33 [W] [crawler_sina.go:89] 无数据%!(EXTRA string=redigo: nil returned)
2017/10/09 00:34:43 [I] [crawler_sina.go:315] 执行Sina数据保存服务
2017/10/09 00:34:43 [W] [crawler_sina.go:89] 无数据%!(EXTRA string=redigo: nil returned)
2017/10/09 00:34:53 [I] [crawler_sina.go:315] 执行Sina数据保存服务
2017/10/09 00:34:53 [W] [crawler_sina.go:89] 无数据%!(EXTRA string=redigo: nil returned)
2017/10/09 00:35:03 [I] [crawler_sina.go:315] 执行Sina数据保存服务
2017/10/09 00:35:03 [W] [crawler_sina.go:89] 无数据%!(EXTRA string=redigo: nil returned)
2017/10/09 00:35:13 [I] [crawler_sina.go:315] 执行Sina数据保存服务
2017/10/09 00:35:13 [W] [crawler_sina.go:89] 无数据%!(EXTRA string=redigo: nil returned)
2017/10/09 00:35:23 [I] [crawler_sina.go:315] 执行Sina数据保存服务
2017/10/09 00:35:23 [W] [crawler_sina.go:89] 无数据%!(EXTRA string=redigo: nil returned)
2017/10/09 00:35:33 [I] [crawler_sina.go:315] 执行Sina数据保存服务
2017/10/09 00:35:33 [W] [crawler_sina.go:89] 无数据%!(EXTRA string=redigo: nil returned)
2017/10/09 00:35:43 [I] [crawler_sina.go:315] 执行Sina数据保存服务
2017/10/09 00:35:43 [W] [crawler_sina.go:89] 无数据%!(EXTRA string=redigo: nil returned)
2017/10/09 00:35:53 [I] [crawler_sina.go:315] 执行Sina数据保存服务
2017/10/09 00:35:53 [W] [crawler_sina.go:89] 无数据%!(EXTRA string=redigo: nil returned)
2017/10/09 00:36:03 [I] [crawler_sina.go:315] 执行Sina数据保存服务
2017/10/09 00:36:03 [W] [crawler_sina.go:89] 无数据%!(EXTRA string=redigo: nil returned)
2017/10/09 00:36:13 [I] [crawler_sina.go:315] 执行Sina数据保存服务
2017/10/09 00:36:13 [W] [crawler_sina.go:89] 无数据%!(EXTRA string=redigo: nil returned)
2017/10/09 00:36:23 [I] [crawler_sina.go:315] 执行Sina数据保存服务
2017/10/09 00:36:23 [W] [crawler_sina.go:89] 无数据%!(EXTRA string=redigo: nil returned)
2017/10/09 00:36:33 [I] [crawler_sina.go:315] 执行Sina数据保存服务
2017/10/09 00:36:33 [W] [crawler_sina.go:89] 无数据%!(EXTRA string=redigo: nil returned)
2017/10/09 00:36:43 [I] [crawler_sina.go:315] 执行Sina数据保存服务
2017/10/09 00:36:43 [W] [crawler_sina.go:89] 无数据%!(EXTRA string=redigo: nil returned)
2017/10/09 00:36:53 [I] [crawler_sina.go:315] 执行Sina数据保存服务
2017/10/09 00:36:53 [W] [crawler_sina.go:89] 无数据%!(EXTRA string=redigo: nil returned)
2017/10/09 00:37:03 [I] [crawler_sina.go:315] 执行Sina数据保存服务
2017/10/09 00:37:03 [W] [crawler_sina.go:89] 无数据%!(EXTRA string=redigo: nil returned)
2017/10/09 00:37:13 [I] [crawler_sina.go:315] 执行Sina数据保存服务
2017/10/09 00:37:13 [W] [crawler_sina.go:89] 无数据%!(EXTRA string=redigo: nil returned)
2017/10/09 00:37:23 [I] [crawler_sina.go:315] 执行Sina数据保存服务
2017/10/09 00:37:23 [W] [crawler_sina.go:89] 无数据%!(EXTRA string=redigo: nil returned)
2017/10/09 00:37:33 [I] [crawler_sina.go:315] 执行Sina数据保存服务
2017/10/09 00:37:33 [W] [crawler_sina.go:89] 无数据%!(EXTRA string=redigo: nil returned)
2017/10/09 00:37:43 [I] [crawler_sina.go:315] 执行Sina数据保存服务
2017/10/09 00:37:43 [W] [crawler_sina.go:89] 无数据%!(EXTRA string=redigo: nil returned)
2017/10/09 00:37:53 [I] [crawler_sina.go:315] 执行Sina数据保存服务
2017/10/09 00:37:53 [W] [crawler_sina.go:89] 无数据%!(EXTRA string=redigo: nil returned)
2017/10/09 00:38:03 [I] [crawler_sina.go:315] 执行Sina数据保存服务
2017/10/09 00:38:03 [W] [crawler_sina.go:89] 无数据%!(EXTRA string=redigo: nil returned)
2017/10/09 00:38:13 [I] [crawler_sina.go:315] 执行Sina数据保存服务
2017/10/09 00:38:13 [W] [crawler_sina.go:89] 无数据%!(EXTRA string=redigo: nil returned)
2017/10/09 00:38:23 [I] [crawler_sina.go:315] 执行Sina数据保存服务
2017/10/09 00:38:23 [W] [crawler_sina.go:89] 无数据%!(EXTRA string=redigo: nil returned)
2017/10/09 00:38:33 [I] [crawler_sina.go:315] 执行Sina数据保存服务
2017/10/09 00:38:33 [W] [crawler_sina.go:89] 无数据%!(EXTRA string=redigo: nil returned)
2017/10/09 00:38:43 [I] [crawler_sina.go:315] 执行Sina数据保存服务
2017/10/09 00:38:43 [W] [crawler_sina.go:89] 无数据%!(EXTRA string=redigo: nil returned)
2017/10/09 00:38:53 [I] [crawler_sina.go:315] 执行Sina数据保存服务
2017/10/09 00:38:53 [W] [crawler_sina.go:89] 无数据%!(EXTRA string=redigo: nil returned)
2017/10/09 00:39:03 [I] [crawler_sina.go:315] 执行Sina数据保存服务
2017/10/09 00:39:03 [W] [crawler_sina.go:89] 无数据%!(EXTRA string=redigo: nil returned)
2017/10/09 00:39:13 [I] [crawler_sina.go:315] 执行Sina数据保存服务
2017/10/09 00:39:13 [W] [crawler_sina.go:89] 无数据%!(EXTRA string=redigo: nil returned)
2017/10/09 00:39:23 [I] [crawler_sina.go:315] 执行Sina数据保存服务
2017/10/09 00:39:23 [W] [crawler_sina.go:89] 无数据%!(EXTRA string=redigo: nil returned)
2017/10/09 00:39:33 [I] [crawler_sina.go:315] 执行Sina数据保存服务
2017/10/09 00:39:33 [W] [crawler_sina.go:89] 无数据%!(EXTRA string=redigo: nil returned)
2017/10/09 00:39:43 [I] [crawler_sina.go:315] 执行Sina数据保存服务
2017/10/09 00:39:43 [W] [crawler_sina.go:89] 无数据%!(EXTRA string=redigo: nil returned)
2017/10/09 00:39:53 [I] [crawler_sina.go:315] 执行Sina数据保存服务
2017/10/09 00:39:53 [W] [crawler_sina.go:89] 无数据%!(EXTRA string=redigo: nil returned)
2017/10/09 00:40:03 [I] [crawler_sina.go:315] 执行Sina数据保存服务
2017/10/09 00:40:03 [W] [crawler_sina.go:89] 无数据%!(EXTRA string=redigo: nil returned)
2017/10/09 00:40:13 [I] [crawler_sina.go:315] 执行Sina数据保存服务
2017/10/09 00:40:13 [W] [crawler_sina.go:89] 无数据%!(EXTRA string=redigo: nil returned)
2017/10/09 00:40:23 [I] [crawler_sina.go:315] 执行Sina数据保存服务
2017/10/09 00:40:23 [W] [crawler_sina.go:89] 无数据%!(EXTRA string=redigo: nil returned)
2017/10/09 00:40:33 [I] [crawler_sina.go:315] 执行Sina数据保存服务
2017/10/09 00:40:33 [W] [crawler_sina.go:89] 无数据%!(EXTRA string=redigo: nil returned)
2017/10/09 00:40:43 [I] [crawler_sina.go:315] 执行Sina数据保存服务
2017/10/09 00:40:43 [W] [crawler_sina.go:89] 无数据%!(EXTRA string=redigo: nil returned)
2017/10/09 00:40:53 [I] [crawler_sina.go:315] 执行Sina数据保存服务
2017/10/09 00:40:53 [W] [crawler_sina.go:89] 无数据%!(EXTRA string=redigo: nil returned)
2017/10/09 00:41:03 [I] [crawler_sina.go:315] 执行Sina数据保存服务
2017/10/09 00:41:03 [W] [crawler_sina.go:89] 无数据%!(EXTRA string=redigo: nil returned)
2017/10/09 00:41:13 [I] [crawler_sina.go:315] 执行Sina数据保存服务
2017/10/09 00:41:13 [W] [crawler_sina.go:89] 无数据%!(EXTRA string=redigo: nil returned)
2017/10/09 00:41:23 [I] [crawler_sina.go:315] 执行Sina数据保存服务
2017/10/09 00:41:23 [W] [crawler_sina.go:89] 无数据%!(EXTRA string=redigo: nil returned)
2017/10/09 00:41:33 [I] [crawler_sina.go:315] 执行Sina数据保存服务
2017/10/09 00:41:33 [W] [crawler_sina.go:89] 无数据%!(EXTRA string=redigo: nil returned)
2017/10/09 00:41:43 [I] [crawler_sina.go:315] 执行Sina数据保存服务
2017/10/09 00:41:43 [W] [crawler_sina.go:89] 无数据%!(EXTRA string=redigo: nil returned)
2017/10/09 00:41:53 [I] [crawler_sina.go:315] 执行Sina数据保存服务
2017/10/09 00:41:53 [W] [crawler_sina.go:89] 无数据%!(EXTRA string=redigo: nil returned)
2017/10/09 00:42:03 [I] [crawler_sina.go:315] 执行Sina数据保存服务
2017/10/09 00:42:03 [W] [crawler_sina.go:89] 无数据%!(EXTRA string=redigo: nil returned)
2017/10/09 00:42:13 [I] [crawler_sina.go:315] 执行Sina数据保存服务
2017/10/09 00:42:13 [W] [crawler_sina.go:89] 无数据%!(EXTRA string=redigo: nil returned)
2017/10/09 00:42:23 [I] [crawler_sina.go:315] 执行Sina数据保存服务
2017/10/09 00:42:23 [W] [crawler_sina.go:89] 无数据%!(EXTRA string=redigo: nil returned)
2017/10/09 00:42:33 [I] [crawler_sina.go:315] 执行Sina数据保存服务
2017/10/09 00:42:33 [W] [crawler_sina.go:89] 无数据%!(EXTRA string=redigo: nil returned)
2017/10/09 00:42:43 [I] [crawler_sina.go:315] 执行Sina数据保存服务
2017/10/09 00:42:43 [W] [crawler_sina.go:89] 无数据%!(EXTRA string=redigo: nil returned)
2017/10/09 00:42:53 [I] [crawler_sina.go:315] 执行Sina数据保存服务
2017/10/09 00:42:53 [W] [crawler_sina.go:89] 无数据%!(EXTRA string=redigo: nil returned)
2017/10/09 00:43:03 [I] [crawler_sina.go:315] 执行Sina数据保存服务
2017/10/09 00:43:03 [W] [crawler_sina.go:89] 无数据%!(EXTRA string=redigo: nil returned)
2017/10/09 00:43:13 [I] [crawler_sina.go:315] 执行Sina数据保存服务
2017/10/09 00:43:13 [W] [crawler_sina.go:89] 无数据%!(EXTRA string=redigo: nil returned)
2017/10/09 00:43:23 [I] [crawler_sina.go:315] 执行Sina数据保存服务
2017/10/09 00:43:23 [W] [crawler_sina.go:89] 无数据%!(EXTRA string=redigo: nil returned)
2017/10/09 00:43:33 [I] [crawler_sina.go:315] 执行Sina数据保存服务
2017/10/09 00:43:33 [W] [crawler_sina.go:89] 无数据%!(EXTRA string=redigo: nil returned)
2017/10/09 00:43:43 [I] [crawler_sina.go:315] 执行Sina数据保存服务
2017/10/09 00:43:43 [W] [crawler_sina.go:89] 无数据%!(EXTRA string=redigo: nil returned)
2017/10/09 00:43:53 [I] [crawler_sina.go:315] 执行Sina数据保存服务
2017/10/09 00:43:53 [W] [crawler_sina.go:89] 无数据%!(EXTRA string=redigo: nil returned)
2017/10/09 00:44:03 [I] [crawler_sina.go:315] 执行Sina数据保存服务
2017/10/09 00:44:03 [W] [crawler_sina.go:89] 无数据%!(EXTRA string=redigo: nil returned)
2017/10/09 00:44:13 [I] [crawler_sina.go:315] 执行Sina数据保存服务
2017/10/09 00:44:13 [W] [crawler_sina.go:89] 无数据%!(EXTRA string=redigo: nil returned)
2017/10/09 00:44:23 [I] [crawler_sina.go:315] 执行Sina数据保存服务
2017/10/09 00:44:23 [W] [crawler_sina.go:89] 无数据%!(EXTRA string=redigo: nil returned)
2017/10/09 00:44:33 [I] [crawler_sina.go:315] 执行Sina数据保存服务
2017/10/09 00:44:33 [W] [crawler_sina.go:89] 无数据%!(EXTRA string=redigo: nil returned)
2017/10/09 00:44:43 [I] [crawler_sina.go:315] 执行Sina数据保存服务
2017/10/09 00:44:43 [W] [crawler_sina.go:89] 无数据%!(EXTRA string=redigo: nil returned)
2017/10/09 00:44:53 [I] [crawler_sina.go:315] 执行Sina数据保存服务
2017/10/09 00:44:53 [W] [crawler_sina.go:89] 无数据%!(EXTRA string=redigo: nil returned)
2017/10/09 00:45:03 [I] [crawler_sina.go:315] 执行Sina数据保存服务
2017/10/09 00:45:03 [W] [crawler_sina.go:89] 无数据%!(EXTRA string=redigo: nil returned)
2017/10/09 00:45:13 [I] [crawler_sina.go:315] 执行Sina数据保存服务
2017/10/09 00:45:13 [W] [crawler_sina.go:89] 无数据%!(EXTRA string=redigo: nil returned)
2017/10/09 00:45:23 [I] [crawler_sina.go:315] 执行Sina数据保存服务
2017/10/09 00:45:23 [W] [crawler_sina.go:89] 无数据%!(EXTRA string=redigo: nil returned)
2017/10/09 00:45:33 [I] [crawler_sina.go:315] 执行Sina数据保存服务
2017/10/09 00:45:33 [W] [crawler_sina.go:89] 无数据%!(EXTRA string=redigo: nil returned)
2017/10/09 00:45:43 [I] [crawler_sina.go:315] 执行Sina数据保存服务
2017/10/09 00:45:43 [W] [crawler_sina.go:89] 无数据%!(EXTRA string=redigo: nil returned)
2017/10/09 00:45:53 [I] [crawler_sina.go:315] 执行Sina数据保存服务
2017/10/09 00:45:53 [W] [crawler_sina.go:89] 无数据%!(EXTRA string=redigo: nil returned)
2017/10/09 00:46:03 [I] [crawler_sina.go:315] 执行Sina数据保存服务
2017/10/09 00:46:03 [W] [crawler_sina.go:89] 无数据%!(EXTRA string=redigo: nil returned)
2017/10/09 00:46:13 [I] [crawler_sina.go:315] 执行Sina数据保存服务
2017/10/09 00:46:13 [W] [crawler_sina.go:89] 无数据%!(EXTRA string=redigo: nil returned)
2017/10/09 00:46:23 [I] [crawler_sina.go:315] 执行Sina数据保存服务
2017/10/09 00:46:23 [W] [crawler_sina.go:89] 无数据%!(EXTRA string=redigo: nil returned)
2017/10/09 00:46:33 [I] [crawler_sina.go:315] 执行Sina数据保存服务
2017/10/09 00:46:33 [W] [crawler_sina.go:89] 无数据%!(EXTRA string=redigo: nil returned)
2017/10/09 00:46:43 [I] [crawler_sina.go:315] 执行Sina数据保存服务
2017/10/09 00:46:43 [W] [crawler_sina.go:89] 无数据%!(EXTRA string=redigo: nil returned)
2017/10/09 00:46:53 [I] [crawler_sina.go:315] 执行Sina数据保存服务
2017/10/09 00:46:53 [W] [crawler_sina.go:89] 无数据%!(EXTRA string=redigo: nil returned)
2017/10/09 00:47:03 [I] [crawler_sina.go:315] 执行Sina数据保存服务
2017/10/09 00:47:03 [W] [crawler_sina.go:89] 无数据%!(EXTRA string=redigo: nil returned)
2017/10/09 00:47:13 [I] [crawler_sina.go:315] 执行Sina数据保存服务
2017/10/09 00:47:13 [W] [crawler_sina.go:89] 无数据%!(EXTRA string=redigo: nil returned)
2017/10/09 00:47:23 [I] [crawler_sina.go:315] 执行Sina数据保存服务
2017/10/09 00:47:23 [W] [crawler_sina.go:89] 无数据%!(EXTRA string=redigo: nil returned)
2017/10/09 00:47:33 [I] [crawler_sina.go:315] 执行Sina数据保存服务
2017/10/09 00:47:33 [W] [crawler_sina.go:89] 无数据%!(EXTRA string=redigo: nil returned)
2017/10/09 00:47:43 [I] [crawler_sina.go:315] 执行Sina数据保存服务
2017/10/09 00:47:43 [W] [crawler_sina.go:89] 无数据%!(EXTRA string=redigo: nil returned)
2017/10/09 00:47:53 [I] [crawler_sina.go:315] 执行Sina数据保存服务
2017/10/09 00:47:53 [W] [crawler_sina.go:89] 无数据%!(EXTRA string=redigo: nil returned)
2017/10/09 00:48:03 [I] [crawler_sina.go:315] 执行Sina数据保存服务
2017/10/09 00:48:03 [W] [crawler_sina.go:89] 无数据%!(EXTRA string=redigo: nil returned)
2017/10/09 00:48:13 [I] [crawler_sina.go:315] 执行Sina数据保存服务
2017/10/09 00:48:13 [W] [crawler_sina.go:89] 无数据%!(EXTRA string=redigo: nil returned)
2017/10/09 00:48:23 [I] [crawler_sina.go:315] 执行Sina数据保存服务
2017/10/09 00:48:23 [W] [crawler_sina.go:89] 无数据%!(EXTRA string=redigo: nil returned)
2017/10/09 00:48:33 [I] [crawler_sina.go:315] 执行Sina数据保存服务
2017/10/09 00:48:33 [W] [crawler_sina.go:89] 无数据%!(EXTRA string=redigo: nil returned)
2017/10/09 00:48:43 [I] [crawler_sina.go:315] 执行Sina数据保存服务
2017/10/09 00:48:43 [W] [crawler_sina.go:89] 无数据%!(EXTRA string=redigo: nil returned)
2017/10/09 00:48:53 [I] [crawler_sina.go:315] 执行Sina数据保存服务
2017/10/09 00:48:53 [W] [crawler_sina.go:89] 无数据%!(EXTRA string=redigo: nil returned)
2017/10/09 00:49:03 [I] [crawler_sina.go:315] 执行Sina数据保存服务
2017/10/09 00:49:03 [W] [crawler_sina.go:89] 无数据%!(EXTRA string=redigo: nil returned)
2017/10/09 00:49:13 [I] [crawler_sina.go:315] 执行Sina数据保存服务
2017/10/09 00:49:13 [W] [crawler_sina.go:89] 无数据%!(EXTRA string=redigo: nil returned)
2017/10/09 00:49:23 [I] [crawler_sina.go:315] 执行Sina数据保存服务
2017/10/09 00:49:23 [W] [crawler_sina.go:89] 无数据%!(EXTRA string=redigo: nil returned)
2017/10/09 00:49:33 [I] [crawler_sina.go:315] 执行Sina数据保存服务
2017/10/09 00:49:33 [W] [crawler_sina.go:89] 无数据%!(EXTRA string=redigo: nil returned)
2017/10/09 00:49:43 [I] [crawler_sina.go:315] 执行Sina数据保存服务
2017/10/09 00:49:43 [W] [crawler_sina.go:89] 无数据%!(EXTRA string=redigo: nil returned)
2017/10/09 00:49:53 [I] [crawler_sina.go:315] 执行Sina数据保存服务
2017/10/09 00:49:53 [W] [crawler_sina.go:89] 无数据%!(EXTRA string=redigo: nil returned)
2017/10/09 00:50:03 [I] [crawler_sina.go:315] 执行Sina数据保存服务
2017/10/09 00:50:03 [W] [crawler_sina.go:89] 无数据%!(EXTRA string=redigo: nil returned)
2017/10/09 00:50:13 [I] [crawler_sina.go:315] 执行Sina数据保存服务
2017/10/09 00:50:13 [W] [crawler_sina.go:89] 无数据%!(EXTRA string=redigo: nil returned)
2017/10/09 00:50:23 [I] [crawler_sina.go:315] 执行Sina数据保存服务
2017/10/09 00:50:23 [W] [crawler_sina.go:89] 无数据%!(EXTRA string=redigo: nil returned)
2017/10/09 00:50:33 [I] [crawler_sina.go:315] 执行Sina数据保存服务
2017/10/09 00:50:33 [W] [crawler_sina.go:89] 无数据%!(EXTRA string=redigo: nil returned)
2017/10/09 00:50:43 [I] [crawler_sina.go:315] 执行Sina数据保存服务
2017/10/09 00:50:43 [W] [crawler_sina.go:89] 无数据%!(EXTRA string=redigo: nil returned)
2017/10/09 00:50:53 [I] [crawler_sina.go:315] 执行Sina数据保存服务
2017/10/09 00:50:53 [W] [crawler_sina.go:89] 无数据%!(EXTRA string=redigo: nil returned)
2017/10/09 00:51:03 [I] [crawler_sina.go:315] 执行Sina数据保存服务
2017/10/09 00:51:03 [W] [crawler_sina.go:89] 无数据%!(EXTRA string=redigo: nil returned)
2017/10/09 00:51:13 [I] [crawler_sina.go:315] 执行Sina数据保存服务
2017/10/09 00:51:13 [W] [crawler_sina.go:89] 无数据%!(EXTRA string=redigo: nil returned)
2017/10/09 00:51:23 [I] [crawler_sina.go:315] 执行Sina数据保存服务
2017/10/09 00:51:23 [W] [crawler_sina.go:89] 无数据%!(EXTRA string=redigo: nil returned)
2017/10/09 00:51:33 [I] [crawler_sina.go:315] 执行Sina数据保存服务
2017/10/09 00:51:33 [W] [crawler_sina.go:89] 无数据%!(EXTRA string=redigo: nil returned)
2017/10/09 00:51:43 [I] [crawler_sina.go:315] 执行Sina数据保存服务
2017/10/09 00:51:43 [W] [crawler_sina.go:89] 无数据%!(EXTRA string=redigo: nil returned)
2017/10/09 00:51:53 [I] [crawler_sina.go:315] 执行Sina数据保存服务
2017/10/09 00:51:53 [W] [crawler_sina.go:89] 无数据%!(EXTRA string=redigo: nil returned)
2017/10/09 00:52:03 [I] [crawler_sina.go:315] 执行Sina数据保存服务
2017/10/09 00:52:03 [W] [crawler_sina.go:89] 无数据%!(EXTRA string=redigo: nil returned)
2017/10/09 00:52:13 [I] [crawler_sina.go:315] 执行Sina数据保存服务
2017/10/09 00:52:13 [W] [crawler_sina.go:89] 无数据%!(EXTRA string=redigo: nil returned)
2017/10/09 00:52:23 [I] [crawler_sina.go:315] 执行Sina数据保存服务
2017/10/09 00:52:23 [W] [crawler_sina.go:89] 无数据%!(EXTRA string=redigo: nil returned)
2017/10/09 00:52:33 [I] [crawler_sina.go:315] 执行Sina数据保存服务
2017/10/09 00:52:33 [W] [crawler_sina.go:89] 无数据%!(EXTRA string=redigo: nil returned)
2017/10/09 00:52:43 [I] [crawler_sina.go:315] 执行Sina数据保存服务
2017/10/09 00:52:43 [W] [crawler_sina.go:89] 无数据%!(EXTRA string=redigo: nil returned)
2017/10/09 00:52:53 [I] [crawler_sina.go:315] 执行Sina数据保存服务
2017/10/09 00:52:53 [W] [crawler_sina.go:89] 无数据%!(EXTRA string=redigo: nil returned)
2017/10/09 00:53:03 [I] [crawler_sina.go:315] 执行Sina数据保存服务
2017/10/09 00:53:03 [W] [crawler_sina.go:89] 无数据%!(EXTRA string=redigo: nil returned)
2017/10/09 00:53:13 [I] [crawler_sina.go:315] 执行Sina数据保存服务
2017/10/09 00:53:13 [W] [crawler_sina.go:89] 无数据%!(EXTRA string=redigo: nil returned)
2017/10/09 00:53:23 [I] [crawler_sina.go:315] 执行Sina数据保存服务
2017/10/09 00:53:23 [W] [crawler_sina.go:89] 无数据%!(EXTRA string=redigo: nil returned)
2017/10/09 00:53:33 [I] [crawler_sina.go:315] 执行Sina数据保存服务
2017/10/09 00:53:33 [W] [crawler_sina.go:89] 无数据%!(EXTRA string=redigo: nil returned)
2017/10/09 00:53:43 [I] [crawler_sina.go:315] 执行Sina数据保存服务
2017/10/09 00:53:43 [W] [crawler_sina.go:89] 无数据%!(EXTRA string=redigo: nil returned)
2017/10/09 00:53:53 [I] [crawler_sina.go:315] 执行Sina数据保存服务
2017/10/09 00:53:53 [W] [crawler_sina.go:89] 无数据%!(EXTRA string=redigo: nil returned)
2017/10/09 00:54:03 [I] [crawler_sina.go:315] 执行Sina数据保存服务
2017/10/09 00:54:03 [W] [crawler_sina.go:89] 无数据%!(EXTRA string=redigo: nil returned)
2017/10/09 00:54:13 [I] [crawler_sina.go:315] 执行Sina数据保存服务
2017/10/09 00:54:13 [W] [crawler_sina.go:89] 无数据%!(EXTRA string=redigo: nil returned)
2017/10/09 00:54:23 [I] [crawler_sina.go:315] 执行Sina数据保存服务
2017/10/09 00:54:23 [W] [crawler_sina.go:89] 无数据%!(EXTRA string=redigo: nil returned)
2017/10/09 00:54:33 [I] [crawler_sina.go:315] 执行Sina数据保存服务
2017/10/09 00:54:33 [W] [crawler_sina.go:89] 无数据%!(EXTRA string=redigo: nil returned)
2017/10/09 00:54:43 [I] [crawler_sina.go:315] 执行Sina数据保存服务
2017/10/09 00:54:43 [W] [crawler_sina.go:89] 无数据%!(EXTRA string=redigo: nil returned)
2017/10/09 00:54:53 [I] [crawler_sina.go:315] 执行Sina数据保存服务
2017/10/09 00:54:53 [W] [crawler_sina.go:89] 无数据%!(EXTRA string=redigo: nil returned)
2017/10/09 00:55:03 [I] [crawler_sina.go:315] 执行Sina数据保存服务
2017/10/09 00:55:03 [W] [crawler_sina.go:89] 无数据%!(EXTRA string=redigo: nil returned)
2017/10/09 00:55:13 [I] [crawler_sina.go:315] 执行Sina数据保存服务
2017/10/09 00:55:13 [W] [crawler_sina.go:89] 无数据%!(EXTRA string=redigo: nil returned)
2017/10/09 00:55:23 [I] [crawler_sina.go:315] 执行Sina数据保存服务
2017/10/09 00:55:23 [W] [crawler_sina.go:89] 无数据%!(EXTRA string=redigo: nil returned)
2017/10/09 00:55:33 [I] [crawler_sina.go:315] 执行Sina数据保存服务
2017/10/09 00:55:33 [W] [crawler_sina.go:89] 无数据%!(EXTRA string=redigo: nil returned)
2017/10/09 00:55:43 [I] [crawler_sina.go:315] 执行Sina数据保存服务
2017/10/09 00:55:43 [W] [crawler_sina.go:89] 无数据%!(EXTRA string=redigo: nil returned)
2017/10/09 00:55:53 [I] [crawler_sina.go:315] 执行Sina数据保存服务
2017/10/09 00:55:53 [W] [crawler_sina.go:89] 无数据%!(EXTRA string=redigo: nil returned)
2017/10/09 00:56:03 [I] [crawler_sina.go:315] 执行Sina数据保存服务
2017/10/09 00:56:03 [W] [crawler_sina.go:89] 无数据%!(EXTRA string=redigo: nil returned)
2017/10/09 00:56:13 [I] [crawler_sina.go:315] 执行Sina数据保存服务
2017/10/09 00:56:13 [W] [crawler_sina.go:89] 无数据%!(EXTRA string=redigo: nil returned)
2017/10/09 00:56:23 [I] [crawler_sina.go:315] 执行Sina数据保存服务
2017/10/09 00:56:23 [W] [crawler_sina.go:89] 无数据%!(EXTRA string=redigo: nil returned)
2017/10/09 00:56:33 [I] [crawler_sina.go:315] 执行Sina数据保存服务
2017/10/09 00:56:33 [W] [crawler_sina.go:89] 无数据%!(EXTRA string=redigo: nil returned)
2017/10/09 00:56:43 [I] [crawler_sina.go:315] 执行Sina数据保存服务
2017/10/09 00:56:43 [W] [crawler_sina.go:89] 无数据%!(EXTRA string=redigo: nil returned)
2017/10/09 00:56:53 [I] [crawler_sina.go:315] 执行Sina数据保存服务
2017/10/09 00:56:53 [W] [crawler_sina.go:89] 无数据%!(EXTRA string=redigo: nil returned)
2017/10/09 00:57:03 [I] [crawler_sina.go:315] 执行Sina数据保存服务
2017/10/09 00:57:03 [W] [crawler_sina.go:89] 无数据%!(EXTRA string=redigo: nil returned)
2017/10/09 00:57:13 [I] [crawler_sina.go:315] 执行Sina数据保存服务
2017/10/09 00:57:13 [W] [crawler_sina.go:89] 无数据%!(EXTRA string=redigo: nil returned)
2017/10/09 00:57:21 [I] [crawler_sina.go:79] 添加数据到Redis结果1
2017/10/09 00:57:23 [I] [crawler_sina.go:315] 执行Sina数据保存服务
2017/10/09 00:57:31 [I] [crawler_sina.go:79] 添加数据到Redis结果1
2017/10/09 00:58:49 [I] [crawler_sina.go:79] 添加数据到Redis结果1
2017/10/09 00:59:58 [I] [crawler_sina.go:79] 添加数据到Redis结果1
2017/10/09 01:00:01 [I] [crawler_sina.go:242] 获取列表href错误%!(EXTRA string=element not found)
2017/10/09 01:00:54 [I] [crawler_sina.go:79] 添加数据到Redis结果1
2017/10/09 01:02:37 [I] [crawler_sina.go:79] 添加数据到Redis结果1
2017/10/09 01:03:57 [I] [crawler_sina.go:79] 添加数据到Redis结果1
2017/10/09 01:03:58 [I] [crawler_sina.go:266] 获取下一页按钮样式失败%!(EXTRA string=failed to select element from selection 'CSS: .W_pages .next [single]': element not found)
2017/10/09 01:04:41 [I] [crawler_sina.go:79] 添加数据到Redis结果1
2017/10/09 01:06:15 [I] [crawler_sina.go:79] 添加数据到Redis结果1
2017/10/09 01:06:44 [I] [crawler_sina.go:266] 获取下一页按钮样式失败%!(EXTRA string=failed to select element from selection 'CSS: .W_pages .next [single]': element not found)
2017/10/09 01:06:50 [I] [crawler_sina.go:79] 添加数据到Redis结果1
2017/10/09 01:07:34 [I] [crawler_sina.go:266] 获取下一页按钮样式失败%!(EXTRA string=failed to select element from selection 'CSS: .W_pages .next [single]': element not found)
2017/10/09 01:07:39 [I] [crawler_sina.go:79] 添加数据到Redis结果1
2017/10/09 01:08:36 [I] [crawler_sina.go:79] 添加数据到Redis结果1
2017/10/09 01:08:38 [I] [crawler_sina.go:266] 获取下一页按钮样式失败%!(EXTRA string=failed to select element from selection 'CSS: .W_pages .next [single]': element not found)
2017/10/09 01:09:36 [I] [crawler_sina.go:79] 添加数据到Redis结果1
2017/10/09 01:11:09 [I] [crawler_sina.go:79] 添加数据到Redis结果1
2017/10/09 01:12:06 [I] [crawler_sina.go:79] 添加数据到Redis结果1
2017/10/09 01:13:38 [I] [crawler_sina.go:79] 添加数据到Redis结果1
2017/10/09 01:14:14 [I] [crawler_sina.go:315] 执行Sina数据保存服务
2017/10/09 01:14:24 [I] [crawler_sina.go:315] 执行Sina数据保存服务
2017/10/09 01:14:34 [I] [crawler_sina.go:315] 执行Sina数据保存服务
2017/10/09 01:14:45 [I] [crawler_sina.go:315] 执行Sina数据保存服务
2017/10/09 01:14:55 [I] [crawler_sina.go:315] 执行Sina数据保存服务
2017/10/09 01:15:05 [I] [crawler_sina.go:315] 执行Sina数据保存服务
2017/10/09 01:15:08 [I] [crawler_sina.go:79] 添加数据到Redis结果1
2017/10/09 01:15:15 [I] [crawler_sina.go:315] 执行Sina数据保存服务
2017/10/09 01:15:25 [I] [crawler_sina.go:315] 执行Sina数据保存服务
2017/10/09 01:15:36 [I] [crawler_sina.go:315] 执行Sina数据保存服务
2017/10/09 01:15:46 [I] [crawler_sina.go:315] 执行Sina数据保存服务
2017/10/09 01:15:56 [I] [crawler_sina.go:315] 执行Sina数据保存服务
2017/10/09 01:16:06 [I] [crawler_sina.go:315] 执行Sina数据保存服务
2017/10/09 01:16:14 [I] [crawler_sina.go:79] 添加数据到Redis结果1
2017/10/09 01:16:16 [I] [crawler_sina.go:315] 执行Sina数据保存服务
2017/10/09 01:16:27 [I] [crawler_sina.go:315] 执行Sina数据保存服务
2017/10/09 01:16:37 [I] [crawler_sina.go:315] 执行Sina数据保存服务
2017/10/09 01:16:47 [I] [crawler_sina.go:315] 执行Sina数据保存服务
